[31m[1m11:34:05.01 <error> TypeError: Cannot read property 'password' of null[22m[39m
[31m[1m    at login (C:\Users\bob.zhang\Downloads\cai_jizhou-koa2-blog-server-master (1)\koa2-blog-server\controllers\user.js:28:74)[22m[39m
[31m[1m    at processTicksAndRejections (internal/process/task_queues.js:97:5)[22m[39m
[31m[1m    at async module.exports (C:\Users\bob.zhang\Downloads\cai_jizhou-koa2-blog-server-master (1)\koa2-blog-server\middlewares\errorHandle.js:21:9)[22m[39m
[31m[1m    at async module.exports (C:\Users\bob.zhang\Downloads\cai_jizhou-koa2-blog-server-master (1)\koa2-blog-server\middlewares\response.js:6:3)[22m[39m
[31m[1m    at async bodyParser (C:\Users\bob.zhang\Downloads\cai_jizhou-koa2-blog-server-master (1)\koa2-blog-server\node_modules\koa-bodyparser\index.js:95:5)[22m[39m
[31m[1m    at async C:\Users\bob.zhang\Downloads\cai_jizhou-koa2-blog-server-master (1)\koa2-blog-server\app.js:34:5 (in errorHandle.js:25)[22m[39m
[31m[1m11:35:21.56 <error> TypeError: Cannot read property 'password' of null[22m[39m
[31m[1m    at login (C:\Users\bob.zhang\Downloads\cai_jizhou-koa2-blog-server-master (1)\koa2-blog-server\controllers\user.js:28:74)[22m[39m
[31m[1m    at processTicksAndRejections (internal/process/task_queues.js:97:5)[22m[39m
[31m[1m    at async module.exports (C:\Users\bob.zhang\Downloads\cai_jizhou-koa2-blog-server-master (1)\koa2-blog-server\middlewares\errorHandle.js:21:9)[22m[39m
[31m[1m    at async module.exports (C:\Users\bob.zhang\Downloads\cai_jizhou-koa2-blog-server-master (1)\koa2-blog-server\middlewares\response.js:6:3)[22m[39m
[31m[1m    at async bodyParser (C:\Users\bob.zhang\Downloads\cai_jizhou-koa2-blog-server-master (1)\koa2-blog-server\node_modules\koa-bodyparser\index.js:95:5)[22m[39m
[31m[1m    at async C:\Users\bob.zhang\Downloads\cai_jizhou-koa2-blog-server-master (1)\koa2-blog-server\app.js:34:5 (in errorHandle.js:25)[22m[39m
[31m[1m11:35:37.15 <error> TypeError: Cannot read property 'password' of null[22m[39m
[31m[1m    at login (C:\Users\bob.zhang\Downloads\cai_jizhou-koa2-blog-server-master (1)\koa2-blog-server\controllers\user.js:28:74)[22m[39m
[31m[1m    at processTicksAndRejections (internal/process/task_queues.js:97:5)[22m[39m
[31m[1m    at async module.exports (C:\Users\bob.zhang\Downloads\cai_jizhou-koa2-blog-server-master (1)\koa2-blog-server\middlewares\errorHandle.js:21:9)[22m[39m
[31m[1m    at async module.exports (C:\Users\bob.zhang\Downloads\cai_jizhou-koa2-blog-server-master (1)\koa2-blog-server\middlewares\response.js:6:3)[22m[39m
[31m[1m    at async bodyParser (C:\Users\bob.zhang\Downloads\cai_jizhou-koa2-blog-server-master (1)\koa2-blog-server\node_modules\koa-bodyparser\index.js:95:5)[22m[39m
[31m[1m    at async C:\Users\bob.zhang\Downloads\cai_jizhou-koa2-blog-server-master (1)\koa2-blog-server\app.js:34:5 (in errorHandle.js:25)[22m[39m
[31m[1m11:35:44.36 <error> TypeError: Cannot read property 'password' of null[22m[39m
[31m[1m    at login (C:\Users\bob.zhang\Downloads\cai_jizhou-koa2-blog-server-master (1)\koa2-blog-server\controllers\user.js:28:74)[22m[39m
[31m[1m    at processTicksAndRejections (internal/process/task_queues.js:97:5)[22m[39m
[31m[1m    at async module.exports (C:\Users\bob.zhang\Downloads\cai_jizhou-koa2-blog-server-master (1)\koa2-blog-server\middlewares\errorHandle.js:21:9)[22m[39m
[31m[1m    at async module.exports (C:\Users\bob.zhang\Downloads\cai_jizhou-koa2-blog-server-master (1)\koa2-blog-server\middlewares\response.js:6:3)[22m[39m
[31m[1m    at async bodyParser (C:\Users\bob.zhang\Downloads\cai_jizhou-koa2-blog-server-master (1)\koa2-blog-server\node_modules\koa-bodyparser\index.js:95:5)[22m[39m
[31m[1m    at async C:\Users\bob.zhang\Downloads\cai_jizhou-koa2-blog-server-master (1)\koa2-blog-server\app.js:34:5 (in errorHandle.js:25)[22m[39m
[31m[1m12:03:03.49 <error> TypeError: Cannot read property 'password' of null[22m[39m
[31m[1m    at login (C:\Users\bob.zhang\Downloads\cai_jizhou-koa2-blog-server-master (1)\koa2-blog-server\controllers\user.js:28:74)[22m[39m
[31m[1m    at processTicksAndRejections (internal/process/task_queues.js:97:5)[22m[39m
[31m[1m    at async module.exports (C:\Users\bob.zhang\Downloads\cai_jizhou-koa2-blog-server-master (1)\koa2-blog-server\middlewares\errorHandle.js:21:9)[22m[39m
[31m[1m    at async module.exports (C:\Users\bob.zhang\Downloads\cai_jizhou-koa2-blog-server-master (1)\koa2-blog-server\middlewares\response.js:6:3)[22m[39m
[31m[1m    at async bodyParser (C:\Users\bob.zhang\Downloads\cai_jizhou-koa2-blog-server-master (1)\koa2-blog-server\node_modules\koa-bodyparser\index.js:95:5)[22m[39m
[31m[1m    at async C:\Users\bob.zhang\Downloads\cai_jizhou-koa2-blog-server-master (1)\koa2-blog-server\app.js:34:5 (in errorHandle.js:25)[22m[39m
[31m[1m12:03:18.68 <error> TypeError: Cannot read property 'password' of null[22m[39m
[31m[1m    at login (C:\Users\bob.zhang\Downloads\cai_jizhou-koa2-blog-server-master (1)\koa2-blog-server\controllers\user.js:28:74)[22m[39m
[31m[1m    at processTicksAndRejections (internal/process/task_queues.js:97:5)[22m[39m
[31m[1m    at async module.exports (C:\Users\bob.zhang\Downloads\cai_jizhou-koa2-blog-server-master (1)\koa2-blog-server\middlewares\errorHandle.js:21:9)[22m[39m
[31m[1m    at async module.exports (C:\Users\bob.zhang\Downloads\cai_jizhou-koa2-blog-server-master (1)\koa2-blog-server\middlewares\response.js:6:3)[22m[39m
[31m[1m    at async bodyParser (C:\Users\bob.zhang\Downloads\cai_jizhou-koa2-blog-server-master (1)\koa2-blog-server\node_modules\koa-bodyparser\index.js:95:5)[22m[39m
[31m[1m    at async C:\Users\bob.zhang\Downloads\cai_jizhou-koa2-blog-server-master (1)\koa2-blog-server\app.js:34:5 (in errorHandle.js:25)[22m[39m
[31m[1m12:04:35.57 <error> TypeError: Cannot read property 'password' of null[22m[39m
[31m[1m    at login (C:\Users\bob.zhang\Downloads\cai_jizhou-koa2-blog-server-master (1)\koa2-blog-server\controllers\user.js:28:74)[22m[39m
[31m[1m    at processTicksAndRejections (internal/process/task_queues.js:97:5)[22m[39m
[31m[1m    at async module.exports (C:\Users\bob.zhang\Downloads\cai_jizhou-koa2-blog-server-master (1)\koa2-blog-server\middlewares\errorHandle.js:21:9)[22m[39m
[31m[1m    at async module.exports (C:\Users\bob.zhang\Downloads\cai_jizhou-koa2-blog-server-master (1)\koa2-blog-server\middlewares\response.js:6:3)[22m[39m
[31m[1m    at async bodyParser (C:\Users\bob.zhang\Downloads\cai_jizhou-koa2-blog-server-master (1)\koa2-blog-server\node_modules\koa-bodyparser\index.js:95:5)[22m[39m
[31m[1m    at async C:\Users\bob.zhang\Downloads\cai_jizhou-koa2-blog-server-master (1)\koa2-blog-server\app.js:34:5 (in errorHandle.js:25)[22m[39m
[31m[1m12:04:35.59 <error> TypeError: Cannot read property 'password' of null[22m[39m
[31m[1m    at login (C:\Users\bob.zhang\Downloads\cai_jizhou-koa2-blog-server-master (1)\koa2-blog-server\controllers\user.js:28:74)[22m[39m
[31m[1m    at processTicksAndRejections (internal/process/task_queues.js:97:5)[22m[39m
[31m[1m    at async module.exports (C:\Users\bob.zhang\Downloads\cai_jizhou-koa2-blog-server-master (1)\koa2-blog-server\middlewares\errorHandle.js:21:9)[22m[39m
[31m[1m    at async module.exports (C:\Users\bob.zhang\Downloads\cai_jizhou-koa2-blog-server-master (1)\koa2-blog-server\middlewares\response.js:6:3)[22m[39m
[31m[1m    at async bodyParser (C:\Users\bob.zhang\Downloads\cai_jizhou-koa2-blog-server-master (1)\koa2-blog-server\node_modules\koa-bodyparser\index.js:95:5)[22m[39m
[31m[1m    at async C:\Users\bob.zhang\Downloads\cai_jizhou-koa2-blog-server-master (1)\koa2-blog-server\app.js:34:5 (in errorHandle.js:25)[22m[39m
[31m[1m12:04:35.67 <error> TypeError: Cannot read property 'password' of null[22m[39m
[31m[1m    at login (C:\Users\bob.zhang\Downloads\cai_jizhou-koa2-blog-server-master (1)\koa2-blog-server\controllers\user.js:28:74)[22m[39m
[31m[1m    at processTicksAndRejections (internal/process/task_queues.js:97:5)[22m[39m
[31m[1m    at async module.exports (C:\Users\bob.zhang\Downloads\cai_jizhou-koa2-blog-server-master (1)\koa2-blog-server\middlewares\errorHandle.js:21:9)[22m[39m
[31m[1m    at async module.exports (C:\Users\bob.zhang\Downloads\cai_jizhou-koa2-blog-server-master (1)\koa2-blog-server\middlewares\response.js:6:3)[22m[39m
[31m[1m    at async bodyParser (C:\Users\bob.zhang\Downloads\cai_jizhou-koa2-blog-server-master (1)\koa2-blog-server\node_modules\koa-bodyparser\index.js:95:5)[22m[39m
[31m[1m    at async C:\Users\bob.zhang\Downloads\cai_jizhou-koa2-blog-server-master (1)\koa2-blog-server\app.js:34:5 (in errorHandle.js:25)[22m[39m
[31m[1m12:04:35.72 <error> TypeError: Cannot read property 'password' of null[22m[39m
[31m[1m    at login (C:\Users\bob.zhang\Downloads\cai_jizhou-koa2-blog-server-master (1)\koa2-blog-server\controllers\user.js:28:74)[22m[39m
[31m[1m    at processTicksAndRejections (internal/process/task_queues.js:97:5)[22m[39m
[31m[1m    at runNextTicks (internal/process/task_queues.js:66:3)[22m[39m
[31m[1m    at processImmediate (internal/timers.js:429:9)[22m[39m
[31m[1m    at async module.exports (C:\Users\bob.zhang\Downloads\cai_jizhou-koa2-blog-server-master (1)\koa2-blog-server\middlewares\errorHandle.js:21:9)[22m[39m
[31m[1m    at async module.exports (C:\Users\bob.zhang\Downloads\cai_jizhou-koa2-blog-server-master (1)\koa2-blog-server\middlewares\response.js:6:3)[22m[39m
[31m[1m    at async bodyParser (C:\Users\bob.zhang\Downloads\cai_jizhou-koa2-blog-server-master (1)\koa2-blog-server\node_modules\koa-bodyparser\index.js:95:5)[22m[39m
[31m[1m    at async C:\Users\bob.zhang\Downloads\cai_jizhou-koa2-blog-server-master (1)\koa2-blog-server\app.js:34:5 (in errorHandle.js:25)[22m[39m
[31m[1m12:04:35.74 <error> TypeError: Cannot read property 'password' of null[22m[39m
[31m[1m    at login (C:\Users\bob.zhang\Downloads\cai_jizhou-koa2-blog-server-master (1)\koa2-blog-server\controllers\user.js:28:74)[22m[39m
[31m[1m    at processTicksAndRejections (internal/process/task_queues.js:97:5)[22m[39m
[31m[1m    at async module.exports (C:\Users\bob.zhang\Downloads\cai_jizhou-koa2-blog-server-master (1)\koa2-blog-server\middlewares\errorHandle.js:21:9)[22m[39m
[31m[1m    at async module.exports (C:\Users\bob.zhang\Downloads\cai_jizhou-koa2-blog-server-master (1)\koa2-blog-server\middlewares\response.js:6:3)[22m[39m
[31m[1m    at async bodyParser (C:\Users\bob.zhang\Downloads\cai_jizhou-koa2-blog-server-master (1)\koa2-blog-server\node_modules\koa-bodyparser\index.js:95:5)[22m[39m
[31m[1m    at async C:\Users\bob.zhang\Downloads\cai_jizhou-koa2-blog-server-master (1)\koa2-blog-server\app.js:34:5 (in errorHandle.js:25)[22m[39m
[31m[1m12:06:27.23 <error> TypeError: Cannot read property 'password' of null[22m[39m
[31m[1m    at login (C:\Users\bob.zhang\Downloads\cai_jizhou-koa2-blog-server-master (1)\koa2-blog-server\controllers\user.js:28:81)[22m[39m
[31m[1m    at processTicksAndRejections (internal/process/task_queues.js:97:5)[22m[39m
[31m[1m    at async module.exports (C:\Users\bob.zhang\Downloads\cai_jizhou-koa2-blog-server-master (1)\koa2-blog-server\middlewares\errorHandle.js:21:9)[22m[39m
[31m[1m    at async module.exports (C:\Users\bob.zhang\Downloads\cai_jizhou-koa2-blog-server-master (1)\koa2-blog-server\middlewares\response.js:6:3)[22m[39m
[31m[1m    at async bodyParser (C:\Users\bob.zhang\Downloads\cai_jizhou-koa2-blog-server-master (1)\koa2-blog-server\node_modules\koa-bodyparser\index.js:95:5)[22m[39m
[31m[1m    at async C:\Users\bob.zhang\Downloads\cai_jizhou-koa2-blog-server-master (1)\koa2-blog-server\app.js:34:5 (in errorHandle.js:25)[22m[39m
[31m[1m22:56:18.59 <error> ReferenceError: result is not defined[22m[39m
[31m[1m    at getAllNewsList (C:\Users\dell\Documents\WeChat Files\wxid_exmqc9ni0l7v22\FileStorage\File\2021-04\koa2-blog-server\controllers\news.js:28:14)[22m[39m
[31m[1m    at processTicksAndRejections (internal/process/task_queues.js:97:5)[22m[39m
[31m[1m    at async module.exports (C:\Users\dell\Documents\WeChat Files\wxid_exmqc9ni0l7v22\FileStorage\File\2021-04\koa2-blog-server\middlewares\errorHandle.js:21:9)[22m[39m
[31m[1m    at async module.exports (C:\Users\dell\Documents\WeChat Files\wxid_exmqc9ni0l7v22\FileStorage\File\2021-04\koa2-blog-server\middlewares\response.js:6:3)[22m[39m
[31m[1m    at async bodyParser (C:\Users\dell\Documents\WeChat Files\wxid_exmqc9ni0l7v22\FileStorage\File\2021-04\koa2-blog-server\node_modules\koa-bodyparser\index.js:95:5)[22m[39m
[31m[1m    at async C:\Users\dell\Documents\WeChat Files\wxid_exmqc9ni0l7v22\FileStorage\File\2021-04\koa2-blog-server\app.js:34:5 (in errorHandle.js:25)[22m[39m
[31m[1m23:02:45.91 <error> ReferenceError: result is not defined[22m[39m
[31m[1m    at getAllNewsList (C:\Users\dell\Documents\WeChat Files\wxid_exmqc9ni0l7v22\FileStorage\File\2021-04\koa2-blog-server\controllers\news.js:29:14)[22m[39m
[31m[1m    at processTicksAndRejections (internal/process/task_queues.js:97:5)[22m[39m
[31m[1m    at async module.exports (C:\Users\dell\Documents\WeChat Files\wxid_exmqc9ni0l7v22\FileStorage\File\2021-04\koa2-blog-server\middlewares\errorHandle.js:21:9)[22m[39m
[31m[1m    at async module.exports (C:\Users\dell\Documents\WeChat Files\wxid_exmqc9ni0l7v22\FileStorage\File\2021-04\koa2-blog-server\middlewares\response.js:6:3)[22m[39m
[31m[1m    at async bodyParser (C:\Users\dell\Documents\WeChat Files\wxid_exmqc9ni0l7v22\FileStorage\File\2021-04\koa2-blog-server\node_modules\koa-bodyparser\index.js:95:5)[22m[39m
[31m[1m    at async C:\Users\dell\Documents\WeChat Files\wxid_exmqc9ni0l7v22\FileStorage\File\2021-04\koa2-blog-server\app.js:34:5 (in errorHandle.js:25)[22m[39m
[31m[1m23:31:37.67 <error> ReferenceError: result is not defined[22m[39m
[31m[1m    at getAllNewsList (C:\Users\dell\Documents\WeChat Files\wxid_exmqc9ni0l7v22\FileStorage\File\2021-04\koa2-blog-server\controllers\news.js:29:14)[22m[39m
[31m[1m    at processTicksAndRejections (internal/process/task_queues.js:97:5)[22m[39m
[31m[1m    at async module.exports (C:\Users\dell\Documents\WeChat Files\wxid_exmqc9ni0l7v22\FileStorage\File\2021-04\koa2-blog-server\middlewares\errorHandle.js:21:9)[22m[39m
[31m[1m    at async module.exports (C:\Users\dell\Documents\WeChat Files\wxid_exmqc9ni0l7v22\FileStorage\File\2021-04\koa2-blog-server\middlewares\response.js:6:3)[22m[39m
[31m[1m    at async bodyParser (C:\Users\dell\Documents\WeChat Files\wxid_exmqc9ni0l7v22\FileStorage\File\2021-04\koa2-blog-server\node_modules\koa-bodyparser\index.js:95:5)[22m[39m
[31m[1m    at async C:\Users\dell\Documents\WeChat Files\wxid_exmqc9ni0l7v22\FileStorage\File\2021-04\koa2-blog-server\app.js:34:5 (in errorHandle.js:25)[22m[39m
[31m[1m23:31:37.70 <error> ReferenceError: result is not defined[22m[39m
[31m[1m    at getAllNewsList (C:\Users\dell\Documents\WeChat Files\wxid_exmqc9ni0l7v22\FileStorage\File\2021-04\koa2-blog-server\controllers\news.js:29:14)[22m[39m
[31m[1m    at processTicksAndRejections (internal/process/task_queues.js:97:5)[22m[39m
[31m[1m    at async module.exports (C:\Users\dell\Documents\WeChat Files\wxid_exmqc9ni0l7v22\FileStorage\File\2021-04\koa2-blog-server\middlewares\errorHandle.js:21:9)[22m[39m
[31m[1m    at async module.exports (C:\Users\dell\Documents\WeChat Files\wxid_exmqc9ni0l7v22\FileStorage\File\2021-04\koa2-blog-server\middlewares\response.js:6:3)[22m[39m
[31m[1m    at async bodyParser (C:\Users\dell\Documents\WeChat Files\wxid_exmqc9ni0l7v22\FileStorage\File\2021-04\koa2-blog-server\node_modules\koa-bodyparser\index.js:95:5)[22m[39m
[31m[1m    at async C:\Users\dell\Documents\WeChat Files\wxid_exmqc9ni0l7v22\FileStorage\File\2021-04\koa2-blog-server\app.js:34:5 (in errorHandle.js:25)[22m[39m
[31m[1m23:31:39.89 <error> ReferenceError: result is not defined[22m[39m
[31m[1m    at getAllNewsList (C:\Users\dell\Documents\WeChat Files\wxid_exmqc9ni0l7v22\FileStorage\File\2021-04\koa2-blog-server\controllers\news.js:29:14)[22m[39m
[31m[1m    at processTicksAndRejections (internal/process/task_queues.js:97:5)[22m[39m
[31m[1m    at async module.exports (C:\Users\dell\Documents\WeChat Files\wxid_exmqc9ni0l7v22\FileStorage\File\2021-04\koa2-blog-server\middlewares\errorHandle.js:21:9)[22m[39m
[31m[1m    at async module.exports (C:\Users\dell\Documents\WeChat Files\wxid_exmqc9ni0l7v22\FileStorage\File\2021-04\koa2-blog-server\middlewares\response.js:6:3)[22m[39m
[31m[1m    at async bodyParser (C:\Users\dell\Documents\WeChat Files\wxid_exmqc9ni0l7v22\FileStorage\File\2021-04\koa2-blog-server\node_modules\koa-bodyparser\index.js:95:5)[22m[39m
[31m[1m    at async C:\Users\dell\Documents\WeChat Files\wxid_exmqc9ni0l7v22\FileStorage\File\2021-04\koa2-blog-server\app.js:34:5 (in errorHandle.js:25)[22m[39m
[31m[1m23:31:39.94 <error> ReferenceError: result is not defined[22m[39m
[31m[1m    at getAllNewsList (C:\Users\dell\Documents\WeChat Files\wxid_exmqc9ni0l7v22\FileStorage\File\2021-04\koa2-blog-server\controllers\news.js:29:14)[22m[39m
[31m[1m    at processTicksAndRejections (internal/process/task_queues.js:97:5)[22m[39m
[31m[1m    at async module.exports (C:\Users\dell\Documents\WeChat Files\wxid_exmqc9ni0l7v22\FileStorage\File\2021-04\koa2-blog-server\middlewares\errorHandle.js:21:9)[22m[39m
[31m[1m    at async module.exports (C:\Users\dell\Documents\WeChat Files\wxid_exmqc9ni0l7v22\FileStorage\File\2021-04\koa2-blog-server\middlewares\response.js:6:3)[22m[39m
[31m[1m    at async bodyParser (C:\Users\dell\Documents\WeChat Files\wxid_exmqc9ni0l7v22\FileStorage\File\2021-04\koa2-blog-server\node_modules\koa-bodyparser\index.js:95:5)[22m[39m
[31m[1m    at async C:\Users\dell\Documents\WeChat Files\wxid_exmqc9ni0l7v22\FileStorage\File\2021-04\koa2-blog-server\app.js:34:5 (in errorHandle.js:25)[22m[39m
[31m[1m23:31:56.77 <error> ReferenceError: result is not defined[22m[39m
[31m[1m    at getAllNewsList (C:\Users\dell\Documents\WeChat Files\wxid_exmqc9ni0l7v22\FileStorage\File\2021-04\koa2-blog-server\controllers\news.js:29:14)[22m[39m
[31m[1m    at processTicksAndRejections (internal/process/task_queues.js:97:5)[22m[39m
[31m[1m    at async module.exports (C:\Users\dell\Documents\WeChat Files\wxid_exmqc9ni0l7v22\FileStorage\File\2021-04\koa2-blog-server\middlewares\errorHandle.js:21:9)[22m[39m
[31m[1m    at async module.exports (C:\Users\dell\Documents\WeChat Files\wxid_exmqc9ni0l7v22\FileStorage\File\2021-04\koa2-blog-server\middlewares\response.js:6:3)[22m[39m
[31m[1m    at async bodyParser (C:\Users\dell\Documents\WeChat Files\wxid_exmqc9ni0l7v22\FileStorage\File\2021-04\koa2-blog-server\node_modules\koa-bodyparser\index.js:95:5)[22m[39m
[31m[1m    at async C:\Users\dell\Documents\WeChat Files\wxid_exmqc9ni0l7v22\FileStorage\File\2021-04\koa2-blog-server\app.js:34:5 (in errorHandle.js:25)[22m[39m
[31m[1m23:32:18.04 <error> ReferenceError: result is not defined[22m[39m
[31m[1m    at getAllNewsList (C:\Users\dell\Documents\WeChat Files\wxid_exmqc9ni0l7v22\FileStorage\File\2021-04\koa2-blog-server\controllers\news.js:29:14)[22m[39m
[31m[1m    at processTicksAndRejections (internal/process/task_queues.js:97:5)[22m[39m
[31m[1m    at async module.exports (C:\Users\dell\Documents\WeChat Files\wxid_exmqc9ni0l7v22\FileStorage\File\2021-04\koa2-blog-server\middlewares\errorHandle.js:21:9)[22m[39m
[31m[1m    at async module.exports (C:\Users\dell\Documents\WeChat Files\wxid_exmqc9ni0l7v22\FileStorage\File\2021-04\koa2-blog-server\middlewares\response.js:6:3)[22m[39m
[31m[1m    at async bodyParser (C:\Users\dell\Documents\WeChat Files\wxid_exmqc9ni0l7v22\FileStorage\File\2021-04\koa2-blog-server\node_modules\koa-bodyparser\index.js:95:5)[22m[39m
[31m[1m    at async C:\Users\dell\Documents\WeChat Files\wxid_exmqc9ni0l7v22\FileStorage\File\2021-04\koa2-blog-server\app.js:34:5 (in errorHandle.js:25)[22m[39m
[31m[1m23:32:18.13 <error> ReferenceError: result is not defined[22m[39m
[31m[1m    at getAllNewsList (C:\Users\dell\Documents\WeChat Files\wxid_exmqc9ni0l7v22\FileStorage\File\2021-04\koa2-blog-server\controllers\news.js:29:14)[22m[39m
[31m[1m    at processTicksAndRejections (internal/process/task_queues.js:97:5)[22m[39m
[31m[1m    at async module.exports (C:\Users\dell\Documents\WeChat Files\wxid_exmqc9ni0l7v22\FileStorage\File\2021-04\koa2-blog-server\middlewares\errorHandle.js:21:9)[22m[39m
[31m[1m    at async module.exports (C:\Users\dell\Documents\WeChat Files\wxid_exmqc9ni0l7v22\FileStorage\File\2021-04\koa2-blog-server\middlewares\response.js:6:3)[22m[39m
[31m[1m    at async bodyParser (C:\Users\dell\Documents\WeChat Files\wxid_exmqc9ni0l7v22\FileStorage\File\2021-04\koa2-blog-server\node_modules\koa-bodyparser\index.js:95:5)[22m[39m
[31m[1m    at async C:\Users\dell\Documents\WeChat Files\wxid_exmqc9ni0l7v22\FileStorage\File\2021-04\koa2-blog-server\app.js:34:5 (in errorHandle.js:25)[22m[39m
[31m[1m23:32:25.68 <error> ReferenceError: result is not defined[22m[39m
[31m[1m    at getAllNewsList (C:\Users\dell\Documents\WeChat Files\wxid_exmqc9ni0l7v22\FileStorage\File\2021-04\koa2-blog-server\controllers\news.js:29:14)[22m[39m
[31m[1m    at processTicksAndRejections (internal/process/task_queues.js:97:5)[22m[39m
[31m[1m    at async module.exports (C:\Users\dell\Documents\WeChat Files\wxid_exmqc9ni0l7v22\FileStorage\File\2021-04\koa2-blog-server\middlewares\errorHandle.js:21:9)[22m[39m
[31m[1m    at async module.exports (C:\Users\dell\Documents\WeChat Files\wxid_exmqc9ni0l7v22\FileStorage\File\2021-04\koa2-blog-server\middlewares\response.js:6:3)[22m[39m
[31m[1m    at async bodyParser (C:\Users\dell\Documents\WeChat Files\wxid_exmqc9ni0l7v22\FileStorage\File\2021-04\koa2-blog-server\node_modules\koa-bodyparser\index.js:95:5)[22m[39m
[31m[1m    at async C:\Users\dell\Documents\WeChat Files\wxid_exmqc9ni0l7v22\FileStorage\File\2021-04\koa2-blog-server\app.js:34:5 (in errorHandle.js:25)[22m[39m
[31m[1m23:32:44.83 <error> ReferenceError: result is not defined[22m[39m
[31m[1m    at getAllNewsList (C:\Users\dell\Documents\WeChat Files\wxid_exmqc9ni0l7v22\FileStorage\File\2021-04\koa2-blog-server\controllers\news.js:29:14)[22m[39m
[31m[1m    at processTicksAndRejections (internal/process/task_queues.js:97:5)[22m[39m
[31m[1m    at async module.exports (C:\Users\dell\Documents\WeChat Files\wxid_exmqc9ni0l7v22\FileStorage\File\2021-04\koa2-blog-server\middlewares\errorHandle.js:21:9)[22m[39m
[31m[1m    at async module.exports (C:\Users\dell\Documents\WeChat Files\wxid_exmqc9ni0l7v22\FileStorage\File\2021-04\koa2-blog-server\middlewares\response.js:6:3)[22m[39m
[31m[1m    at async bodyParser (C:\Users\dell\Documents\WeChat Files\wxid_exmqc9ni0l7v22\FileStorage\File\2021-04\koa2-blog-server\node_modules\koa-bodyparser\index.js:95:5)[22m[39m
[31m[1m    at async C:\Users\dell\Documents\WeChat Files\wxid_exmqc9ni0l7v22\FileStorage\File\2021-04\koa2-blog-server\app.js:34:5 (in errorHandle.js:25)[22m[39m
[31m[1m23:32:45.01 <error> ReferenceError: result is not defined[22m[39m
[31m[1m    at getAllNewsList (C:\Users\dell\Documents\WeChat Files\wxid_exmqc9ni0l7v22\FileStorage\File\2021-04\koa2-blog-server\controllers\news.js:29:14)[22m[39m
[31m[1m    at processTicksAndRejections (internal/process/task_queues.js:97:5)[22m[39m
[31m[1m    at async module.exports (C:\Users\dell\Documents\WeChat Files\wxid_exmqc9ni0l7v22\FileStorage\File\2021-04\koa2-blog-server\middlewares\errorHandle.js:21:9)[22m[39m
[31m[1m    at async module.exports (C:\Users\dell\Documents\WeChat Files\wxid_exmqc9ni0l7v22\FileStorage\File\2021-04\koa2-blog-server\middlewares\response.js:6:3)[22m[39m
[31m[1m    at async bodyParser (C:\Users\dell\Documents\WeChat Files\wxid_exmqc9ni0l7v22\FileStorage\File\2021-04\koa2-blog-server\node_modules\koa-bodyparser\index.js:95:5)[22m[39m
[31m[1m    at async C:\Users\dell\Documents\WeChat Files\wxid_exmqc9ni0l7v22\FileStorage\File\2021-04\koa2-blog-server\app.js:34:5 (in errorHandle.js:25)[22m[39m
[31m[1m23:33:01.93 <error> ReferenceError: result is not defined[22m[39m
[31m[1m    at getAllNewsList (C:\Users\dell\Documents\WeChat Files\wxid_exmqc9ni0l7v22\FileStorage\File\2021-04\koa2-blog-server\controllers\news.js:29:14)[22m[39m
[31m[1m    at processTicksAndRejections (internal/process/task_queues.js:97:5)[22m[39m
[31m[1m    at async module.exports (C:\Users\dell\Documents\WeChat Files\wxid_exmqc9ni0l7v22\FileStorage\File\2021-04\koa2-blog-server\middlewares\errorHandle.js:21:9)[22m[39m
[31m[1m    at async module.exports (C:\Users\dell\Documents\WeChat Files\wxid_exmqc9ni0l7v22\FileStorage\File\2021-04\koa2-blog-server\middlewares\response.js:6:3)[22m[39m
[31m[1m    at async bodyParser (C:\Users\dell\Documents\WeChat Files\wxid_exmqc9ni0l7v22\FileStorage\File\2021-04\koa2-blog-server\node_modules\koa-bodyparser\index.js:95:5)[22m[39m
[31m[1m    at async C:\Users\dell\Documents\WeChat Files\wxid_exmqc9ni0l7v22\FileStorage\File\2021-04\koa2-blog-server\app.js:34:5 (in errorHandle.js:25)[22m[39m
[31m[1m23:33:22.77 <error> ReferenceError: result is not defined[22m[39m
[31m[1m    at getAllNewsList (C:\Users\dell\Documents\WeChat Files\wxid_exmqc9ni0l7v22\FileStorage\File\2021-04\koa2-blog-server\controllers\news.js:29:14)[22m[39m
[31m[1m    at processTicksAndRejections (internal/process/task_queues.js:97:5)[22m[39m
[31m[1m    at async module.exports (C:\Users\dell\Documents\WeChat Files\wxid_exmqc9ni0l7v22\FileStorage\File\2021-04\koa2-blog-server\middlewares\errorHandle.js:21:9)[22m[39m
[31m[1m    at async module.exports (C:\Users\dell\Documents\WeChat Files\wxid_exmqc9ni0l7v22\FileStorage\File\2021-04\koa2-blog-server\middlewares\response.js:6:3)[22m[39m
[31m[1m    at async bodyParser (C:\Users\dell\Documents\WeChat Files\wxid_exmqc9ni0l7v22\FileStorage\File\2021-04\koa2-blog-server\node_modules\koa-bodyparser\index.js:95:5)[22m[39m
[31m[1m    at async C:\Users\dell\Documents\WeChat Files\wxid_exmqc9ni0l7v22\FileStorage\File\2021-04\koa2-blog-server\app.js:34:5 (in errorHandle.js:25)[22m[39m
[31m[1m23:34:07.69 <error> ReferenceError: result is not defined[22m[39m
[31m[1m    at getAllNewsList (C:\Users\dell\Documents\WeChat Files\wxid_exmqc9ni0l7v22\FileStorage\File\2021-04\koa2-blog-server\controllers\news.js:27:14)[22m[39m
[31m[1m    at processTicksAndRejections (internal/process/task_queues.js:97:5)[22m[39m
[31m[1m    at async module.exports (C:\Users\dell\Documents\WeChat Files\wxid_exmqc9ni0l7v22\FileStorage\File\2021-04\koa2-blog-server\middlewares\errorHandle.js:21:9)[22m[39m
[31m[1m    at async module.exports (C:\Users\dell\Documents\WeChat Files\wxid_exmqc9ni0l7v22\FileStorage\File\2021-04\koa2-blog-server\middlewares\response.js:6:3)[22m[39m
[31m[1m    at async bodyParser (C:\Users\dell\Documents\WeChat Files\wxid_exmqc9ni0l7v22\FileStorage\File\2021-04\koa2-blog-server\node_modules\koa-bodyparser\index.js:95:5)[22m[39m
[31m[1m    at async C:\Users\dell\Documents\WeChat Files\wxid_exmqc9ni0l7v22\FileStorage\File\2021-04\koa2-blog-server\app.js:34:5 (in errorHandle.js:25)[22m[39m
[31m[1m23:34:27.78 <error> ReferenceError: result is not defined[22m[39m
[31m[1m    at getAllNewsList (C:\Users\dell\Documents\WeChat Files\wxid_exmqc9ni0l7v22\FileStorage\File\2021-04\koa2-blog-server\controllers\news.js:27:14)[22m[39m
[31m[1m    at processTicksAndRejections (internal/process/task_queues.js:97:5)[22m[39m
[31m[1m    at async module.exports (C:\Users\dell\Documents\WeChat Files\wxid_exmqc9ni0l7v22\FileStorage\File\2021-04\koa2-blog-server\middlewares\errorHandle.js:21:9)[22m[39m
[31m[1m    at async module.exports (C:\Users\dell\Documents\WeChat Files\wxid_exmqc9ni0l7v22\FileStorage\File\2021-04\koa2-blog-server\middlewares\response.js:6:3)[22m[39m
[31m[1m    at async bodyParser (C:\Users\dell\Documents\WeChat Files\wxid_exmqc9ni0l7v22\FileStorage\File\2021-04\koa2-blog-server\node_modules\koa-bodyparser\index.js:95:5)[22m[39m
[31m[1m    at async C:\Users\dell\Documents\WeChat Files\wxid_exmqc9ni0l7v22\FileStorage\File\2021-04\koa2-blog-server\app.js:34:5 (in errorHandle.js:25)[22m[39m
[31m[1m23:34:51.42 <error> ReferenceError: result is not defined[22m[39m
[31m[1m    at getAllNewsList (C:\Users\dell\Documents\WeChat Files\wxid_exmqc9ni0l7v22\FileStorage\File\2021-04\koa2-blog-server\controllers\news.js:27:14)[22m[39m
[31m[1m    at processTicksAndRejections (internal/process/task_queues.js:97:5)[22m[39m
[31m[1m    at async module.exports (C:\Users\dell\Documents\WeChat Files\wxid_exmqc9ni0l7v22\FileStorage\File\2021-04\koa2-blog-server\middlewares\errorHandle.js:21:9)[22m[39m
[31m[1m    at async module.exports (C:\Users\dell\Documents\WeChat Files\wxid_exmqc9ni0l7v22\FileStorage\File\2021-04\koa2-blog-server\middlewares\response.js:6:3)[22m[39m
[31m[1m    at async bodyParser (C:\Users\dell\Documents\WeChat Files\wxid_exmqc9ni0l7v22\FileStorage\File\2021-04\koa2-blog-server\node_modules\koa-bodyparser\index.js:95:5)[22m[39m
[31m[1m    at async C:\Users\dell\Documents\WeChat Files\wxid_exmqc9ni0l7v22\FileStorage\File\2021-04\koa2-blog-server\app.js:34:5 (in errorHandle.js:25)[22m[39m
[31m[1m23:43:18.39 <error> ReferenceError: total is not defined[22m[39m
[31m[1m    at getAllNewsList (C:\Users\dell\Documents\WeChat Files\wxid_exmqc9ni0l7v22\FileStorage\File\2021-04\koa2-blog-server\controllers\news.js:39:7)[22m[39m
[31m[1m    at processTicksAndRejections (internal/process/task_queues.js:97:5)[22m[39m
[31m[1m    at async module.exports (C:\Users\dell\Documents\WeChat Files\wxid_exmqc9ni0l7v22\FileStorage\File\2021-04\koa2-blog-server\middlewares\errorHandle.js:21:9)[22m[39m
[31m[1m    at async module.exports (C:\Users\dell\Documents\WeChat Files\wxid_exmqc9ni0l7v22\FileStorage\File\2021-04\koa2-blog-server\middlewares\response.js:6:3)[22m[39m
[31m[1m    at async bodyParser (C:\Users\dell\Documents\WeChat Files\wxid_exmqc9ni0l7v22\FileStorage\File\2021-04\koa2-blog-server\node_modules\koa-bodyparser\index.js:95:5)[22m[39m
[31m[1m    at async C:\Users\dell\Documents\WeChat Files\wxid_exmqc9ni0l7v22\FileStorage\File\2021-04\koa2-blog-server\app.js:34:5 (in errorHandle.js:25)[22m[39m
[31m[1m16:55:51.33 <error> TypeError: Atricle.insert is not a function[22m[39m
[31m[1m    at insertAtricle (F:\koa\koa2\project\controllers\article.js:10:19)[22m[39m
[31m[1m    at dispatch (F:\koa\koa2\project\node_modules\koa-router\node_modules\koa-compose\index.js:44:32)[22m[39m
[31m[1m    at next (F:\koa\koa2\project\node_modules\koa-router\node_modules\koa-compose\index.js:45:18)[22m[39m
[31m[1m    at F:\koa\koa2\project\node_modules\koa-router\lib\router.js:346:16[22m[39m
[31m[1m    at dispatch (F:\koa\koa2\project\node_modules\koa-router\node_modules\koa-compose\index.js:44:32)[22m[39m
[31m[1m    at F:\koa\koa2\project\node_modules\koa-router\node_modules\koa-compose\index.js:36:12[22m[39m
[31m[1m    at dispatch (F:\koa\koa2\project\node_modules\koa-router\lib\router.js:351:31)[22m[39m
[31m[1m    at dispatch (F:\koa\koa2\project\node_modules\koa-compose\index.js:42:32)[22m[39m
[31m[1m    at module.exports (F:\koa\koa2\project\middlewares\errorHandle.js:21:15)[22m[39m
[31m[1m    at dispatch (F:\koa\koa2\project\node_modules\koa-compose\index.js:42:32)[22m[39m
[31m[1m    at module.exports (F:\koa\koa2\project\middlewares\response.js:6:9)[22m[39m
[31m[1m    at dispatch (F:\koa\koa2\project\node_modules\koa-compose\index.js:42:32)[22m[39m
[31m[1m    at bodyParser (F:\koa\koa2\project\node_modules\koa-bodyparser\index.js:95:11)[22m[39m
[31m[1m    at processTicksAndRejections (internal/process/task_queues.js:97:5)[22m[39m
[31m[1m    at async F:\koa\koa2\project\app.js:42:5 (in errorHandle.js:25)[22m[39m
[31m[1m16:57:44.67 <error> TypeError: a.insert is not a function[22m[39m
[31m[1m    at insertAtricle (F:\koa\koa2\project\controllers\article.js:10:13)[22m[39m
[31m[1m    at dispatch (F:\koa\koa2\project\node_modules\koa-router\node_modules\koa-compose\index.js:44:32)[22m[39m
[31m[1m    at next (F:\koa\koa2\project\node_modules\koa-router\node_modules\koa-compose\index.js:45:18)[22m[39m
[31m[1m    at F:\koa\koa2\project\node_modules\koa-router\lib\router.js:346:16[22m[39m
[31m[1m    at dispatch (F:\koa\koa2\project\node_modules\koa-router\node_modules\koa-compose\index.js:44:32)[22m[39m
[31m[1m    at F:\koa\koa2\project\node_modules\koa-router\node_modules\koa-compose\index.js:36:12[22m[39m
[31m[1m    at dispatch (F:\koa\koa2\project\node_modules\koa-router\lib\router.js:351:31)[22m[39m
[31m[1m    at dispatch (F:\koa\koa2\project\node_modules\koa-compose\index.js:42:32)[22m[39m
[31m[1m    at module.exports (F:\koa\koa2\project\middlewares\errorHandle.js:21:15)[22m[39m
[31m[1m    at dispatch (F:\koa\koa2\project\node_modules\koa-compose\index.js:42:32)[22m[39m
[31m[1m    at module.exports (F:\koa\koa2\project\middlewares\response.js:6:9)[22m[39m
[31m[1m    at dispatch (F:\koa\koa2\project\node_modules\koa-compose\index.js:42:32)[22m[39m
[31m[1m    at bodyParser (F:\koa\koa2\project\node_modules\koa-bodyparser\index.js:95:11)[22m[39m
[31m[1m    at processTicksAndRejections (internal/process/task_queues.js:97:5)[22m[39m
[31m[1m    at async F:\koa\koa2\project\app.js:42:5 (in errorHandle.js:25)[22m[39m
[31m[1m16:58:04.87 <error> TypeError: a.insert is not a function[22m[39m
[31m[1m    at insertAtricle (F:\koa\koa2\project\controllers\article.js:10:13)[22m[39m
[31m[1m    at dispatch (F:\koa\koa2\project\node_modules\koa-router\node_modules\koa-compose\index.js:44:32)[22m[39m
[31m[1m    at next (F:\koa\koa2\project\node_modules\koa-router\node_modules\koa-compose\index.js:45:18)[22m[39m
[31m[1m    at F:\koa\koa2\project\node_modules\koa-router\lib\router.js:346:16[22m[39m
[31m[1m    at dispatch (F:\koa\koa2\project\node_modules\koa-router\node_modules\koa-compose\index.js:44:32)[22m[39m
[31m[1m    at F:\koa\koa2\project\node_modules\koa-router\node_modules\koa-compose\index.js:36:12[22m[39m
[31m[1m    at dispatch (F:\koa\koa2\project\node_modules\koa-router\lib\router.js:351:31)[22m[39m
[31m[1m    at dispatch (F:\koa\koa2\project\node_modules\koa-compose\index.js:42:32)[22m[39m
[31m[1m    at module.exports (F:\koa\koa2\project\middlewares\errorHandle.js:21:15)[22m[39m
[31m[1m    at dispatch (F:\koa\koa2\project\node_modules\koa-compose\index.js:42:32)[22m[39m
[31m[1m    at module.exports (F:\koa\koa2\project\middlewares\response.js:6:9)[22m[39m
[31m[1m    at dispatch (F:\koa\koa2\project\node_modules\koa-compose\index.js:42:32)[22m[39m
[31m[1m    at bodyParser (F:\koa\koa2\project\node_modules\koa-bodyparser\index.js:95:11)[22m[39m
[31m[1m    at processTicksAndRejections (internal/process/task_queues.js:97:5)[22m[39m
[31m[1m    at async F:\koa\koa2\project\app.js:42:5 (in errorHandle.js:25)[22m[39m
[31m[1m18:56:43.58 <error> TypeError: ctx.request.body.save is not a function[22m[39m
[31m[1m    at insertAtricle (F:\koa\koa2\project\controllers\article.js:6:37)[22m[39m
[31m[1m    at dispatch (F:\koa\koa2\project\node_modules\koa-router\node_modules\koa-compose\index.js:44:32)[22m[39m
[31m[1m    at next (F:\koa\koa2\project\node_modules\koa-router\node_modules\koa-compose\index.js:45:18)[22m[39m
[31m[1m    at F:\koa\koa2\project\node_modules\koa-router\lib\router.js:346:16[22m[39m
[31m[1m    at dispatch (F:\koa\koa2\project\node_modules\koa-router\node_modules\koa-compose\index.js:44:32)[22m[39m
[31m[1m    at F:\koa\koa2\project\node_modules\koa-router\node_modules\koa-compose\index.js:36:12[22m[39m
[31m[1m    at dispatch (F:\koa\koa2\project\node_modules\koa-router\lib\router.js:351:31)[22m[39m
[31m[1m    at dispatch (F:\koa\koa2\project\node_modules\koa-compose\index.js:42:32)[22m[39m
[31m[1m    at module.exports (F:\koa\koa2\project\middlewares\errorHandle.js:21:15)[22m[39m
[31m[1m    at dispatch (F:\koa\koa2\project\node_modules\koa-compose\index.js:42:32)[22m[39m
[31m[1m    at module.exports (F:\koa\koa2\project\middlewares\response.js:6:9)[22m[39m
[31m[1m    at dispatch (F:\koa\koa2\project\node_modules\koa-compose\index.js:42:32)[22m[39m
[31m[1m    at bodyParser (F:\koa\koa2\project\node_modules\koa-bodyparser\index.js:95:11)[22m[39m
[31m[1m    at processTicksAndRejections (internal/process/task_queues.js:97:5)[22m[39m
[31m[1m    at async F:\koa\koa2\project\app.js:42:5 (in errorHandle.js:25)[22m[39m
[31m[1m21:32:52.68 <error> MongoError: Failed to parse: { find: "atricles ", filter: {}, projection: {}, limit: "2", $db: "blog" }. 'limit' field must be numeric.[22m[39m
[31m[1m    at Function.MongoError.create (F:\koa\koa2\project\node_modules\mongodb-core\lib\error.js:31:11)[22m[39m
[31m[1m    at queryCallback (F:\koa\koa2\project\node_modules\mongodb-core\lib\cursor.js:212:36)[22m[39m
[31m[1m    at F:\koa\koa2\project\node_modules\mongodb-core\lib\connection\pool.js:469:18[22m[39m
[31m[1m    at processTicksAndRejections (internal/process/task_queues.js:79:11) (in errorHandle.js:25)[22m[39m
[31m[1m21:33:15.17 <error> MongoError: Failed to parse: { find: "atricles ", filter: {}, projection: {}, limit: "2", $db: "blog" }. 'limit' field must be numeric.[22m[39m
[31m[1m    at Function.MongoError.create (F:\koa\koa2\project\node_modules\mongodb-core\lib\error.js:31:11)[22m[39m
[31m[1m    at queryCallback (F:\koa\koa2\project\node_modules\mongodb-core\lib\cursor.js:212:36)[22m[39m
[31m[1m    at F:\koa\koa2\project\node_modules\mongodb-core\lib\connection\pool.js:469:18[22m[39m
[31m[1m    at processTicksAndRejections (internal/process/task_queues.js:79:11) (in errorHandle.js:25)[22m[39m
[31m[1m21:33:29.08 <error> MongoError: Failed to parse: { find: "atricles ", filter: {}, projection: {}, limit: "2", $db: "blog" }. 'limit' field must be numeric.[22m[39m
[31m[1m    at Function.MongoError.create (F:\koa\koa2\project\node_modules\mongodb-core\lib\error.js:31:11)[22m[39m
[31m[1m    at queryCallback (F:\koa\koa2\project\node_modules\mongodb-core\lib\cursor.js:212:36)[22m[39m
[31m[1m    at F:\koa\koa2\project\node_modules\mongodb-core\lib\connection\pool.js:469:18[22m[39m
[31m[1m    at processTicksAndRejections (internal/process/task_queues.js:79:11) (in errorHandle.js:25)[22m[39m
[31m[1m21:34:01.48 <error> MongoError: Failed to parse: { find: "atricles ", filter: {}, projection: {}, limit: "2", $db: "blog" }. 'limit' field must be numeric.[22m[39m
[31m[1m    at Function.MongoError.create (F:\koa\koa2\project\node_modules\mongodb-core\lib\error.js:31:11)[22m[39m
[31m[1m    at queryCallback (F:\koa\koa2\project\node_modules\mongodb-core\lib\cursor.js:212:36)[22m[39m
[31m[1m    at F:\koa\koa2\project\node_modules\mongodb-core\lib\connection\pool.js:469:18[22m[39m
[31m[1m    at processTicksAndRejections (internal/process/task_queues.js:79:11) (in errorHandle.js:25)[22m[39m
[31m[1m21:34:41.00 <error> MongoError: Failed to parse: { find: "atricles ", filter: {}, projection: {}, limit: "2", $db: "blog" }. 'limit' field must be numeric.[22m[39m
[31m[1m    at Function.MongoError.create (F:\koa\koa2\project\node_modules\mongodb-core\lib\error.js:31:11)[22m[39m
[31m[1m    at queryCallback (F:\koa\koa2\project\node_modules\mongodb-core\lib\cursor.js:212:36)[22m[39m
[31m[1m    at F:\koa\koa2\project\node_modules\mongodb-core\lib\connection\pool.js:469:18[22m[39m
[31m[1m    at processTicksAndRejections (internal/process/task_queues.js:79:11) (in errorHandle.js:25)[22m[39m
